<?xml version="1.0" encoding="UTF-8"?>
<!-- Generated by org.testng.reporters.JUnitReportReporter -->
<testsuite skipped="0" hostname="LAPTOP-U6N7CFLI" name="MeridianPackage.Accessories_TestCases1" tests="1" failures="0" timestamp="26 Sep 2017 19:40:02 GMT" time="117.449" errors="0">
  <testcase name="FirstTestCase" time="117.449" classname="MeridianPackage.Accessories_TestCases1"/>
</testsuite> <!-- MeridianPackage.Accessories_TestCases1 -->
