<?xml version="1.0" encoding="UTF-8"?>
<!-- Generated by org.testng.reporters.JUnitReportReporter -->
<testsuite skipped="0" hostname="PUN-PREMG" name="MeridianPackage.Accessories_Blenders_TestCases1" tests="1" failures="0" timestamp="22 Sep 2017 12:08:15 GMT" time="28.802" errors="0">
  <testcase name="FirstTestCase" time="28.802" classname="MeridianPackage.Accessories_Blenders_TestCases1"/>
</testsuite> <!-- MeridianPackage.Accessories_Blenders_TestCases1 -->
