<?xml version="1.0" encoding="UTF-8"?>
<!-- Generated by org.testng.reporters.JUnitReportReporter -->
<testsuite skipped="0" hostname="PUN-PREMG" name="MeridianPackage.loginPageTestCases" tests="1" failures="0" timestamp="22 Sep 2017 08:58:34 GMT" time="19.014" errors="0">
  <testcase name="loginTestCases" time="19.014" classname="MeridianPackage.loginPageTestCases"/>
</testsuite> <!-- MeridianPackage.loginPageTestCases -->
