<?xml version="1.0" encoding="UTF-8"?>
<!-- Generated by org.testng.reporters.JUnitReportReporter -->
<testsuite hostname="LAPTOP-U6N7CFLI" failures="0" tests="1" name="MeridianPackage.Childrens_TestCases2" time="0.000" errors="0" timestamp="21 Dec 2017 18:29:49 GMT" skipped="1">
  <testcase classname="MeridianPackage.Childrens_TestCases2" name="FirstTestCase" time="0.000">
    <skipped/>
  </testcase> <!-- FirstTestCase -->
</testsuite> <!-- MeridianPackage.Childrens_TestCases2 -->
