<?xml version="1.0" encoding="UTF-8"?>
<!-- Generated by org.testng.reporters.JUnitReportReporter -->
<testsuite skipped="0" hostname="Lenovo-PC" name="MeridianPackage.Accessories_WithLoops_TestCases" tests="1" failures="0" timestamp="23 Sep 2017 08:24:13 GMT" time="141.903" errors="0">
  <testcase name="FirstTestCase" time="141.903" classname="MeridianPackage.Accessories_WithLoops_TestCases"/>
</testsuite> <!-- MeridianPackage.Accessories_WithLoops_TestCases -->
